# JRE version: OpenJDK Runtime Environment (11.0.10) (build 11.0.10+0-b96-7249189)
# Java VM: OpenJDK 64-Bit Server VM (11.0.10+0-b96-7249189, mixed mode, tiered, compressed oops, g1 gc, windows-amd64)
Heap:
 garbage-first heap   total 157696K, used 110602K [0x0000000080000000, 0x0000000100000000)
  region size 1024K, 91 young (93184K), 7 survivors (7168K)
 Metaspace       used 42535K, capacity 43592K, committed 43776K, reserved 1087488K
  class space    used 5412K, capacity 5767K, committed 5888K, reserved 1048576K
GC Heap History (14 events):
Event: 1.171 GC heap before
{Heap before GC invocations=0 (full 0):
 garbage-first heap   total 131072K, used 19456K [0x0000000080000000, 0x0000000100000000)
  region size 1024K, 14 young (14336K), 0 survivors (0K)
 Metaspace       used 6724K, capacity 6921K, committed 7168K, reserved 1056768K
  class space    used 582K, capacity 650K, committed 768K, reserved 1048576K
}
Event: 1.178 GC heap after
{Heap after GC invocations=1 (full 0):
 garbage-first heap   total 131072K, used 7633K [0x0000000080000000, 0x0000000100000000)
  region size 1024K, 2 young (2048K), 2 survivors (2048K)
 Metaspace       used 6724K, capacity 6921K, committed 7168K, reserved 1056768K
  class space    used 582K, capacity 650K, committed 768K, reserved 1048576K
}
Event: 1.702 GC heap before
{Heap before GC invocations=1 (full 0):
 garbage-first heap   total 131072K, used 17873K [0x0000000080000000, 0x0000000100000000)
  region size 1024K, 12 young (12288K), 2 survivors (2048K)
 Metaspace       used 9791K, capacity 10050K, committed 10112K, reserved 1058816K
  class space    used 1023K, capacity 1102K, committed 1152K, reserved 1048576K
}
Event: 1.708 GC heap after
{Heap after GC invocations=2 (full 0):
 garbage-first heap   total 131072K, used 9318K [0x0000000080000000, 0x0000000100000000)
  region size 1024K, 2 young (2048K), 2 survivors (2048K)
 Metaspace       used 9791K, capacity 10050K, committed 10112K, reserved 1058816K
  class space    used 1023K, capacity 1102K, committed 1152K, reserved 1048576K
}
Event: 2.491 GC heap before
{Heap before GC invocations=2 (full 0):
 garbage-first heap   total 131072K, used 33894K [0x0000000080000000, 0x0000000100000000)
  region size 1024K, 27 young (27648K), 2 survivors (2048K)
 Metaspace       used 10769K, capacity 11003K, committed 11264K, reserved 1058816K
  class space    used 1127K, capacity 1206K, committed 1280K, reserved 1048576K
}
Event: 2.495 GC heap after
{Heap after GC invocations=3 (full 0):
 garbage-first heap   total 131072K, used 9797K [0x0000000080000000, 0x0000000100000000)
  region size 1024K, 2 young (2048K), 2 survivors (2048K)
 Metaspace       used 10769K, capacity 11003K, committed 11264K, reserved 1058816K
  class space    used 1127K, capacity 1206K, committed 1280K, reserved 1048576K
}
Event: 3.972 GC heap before
{Heap before GC invocations=3 (full 0):
 garbage-first heap   total 131072K, used 50757K [0x0000000080000000, 0x0000000100000000)
  region size 1024K, 42 young (43008K), 2 survivors (2048K)
 Metaspace       used 16977K, capacity 17321K, committed 17536K, reserved 1064960K
  class space    used 1969K, capacity 2098K, committed 2176K, reserved 1048576K
}
Event: 3.993 GC heap after
{Heap after GC invocations=4 (full 0):
 garbage-first heap   total 131072K, used 15681K [0x0000000080000000, 0x0000000100000000)
  region size 1024K, 6 young (6144K), 6 survivors (6144K)
 Metaspace       used 16977K, capacity 17321K, committed 17536K, reserved 1064960K
  class space    used 1969K, capacity 2098K, committed 2176K, reserved 1048576K
}
Event: 4.771 GC heap before
{Heap before GC invocations=4 (full 0):
 garbage-first heap   total 131072K, used 46401K [0x0000000080000000, 0x0000000100000000)
  region size 1024K, 38 young (38912K), 6 survivors (6144K)
 Metaspace       used 20686K, capacity 21104K, committed 21248K, reserved 1067008K
  class space    used 2550K, capacity 2707K, committed 2816K, reserved 1048576K
}
Event: 4.786 GC heap after
{Heap after GC invocations=5 (full 0):
 garbage-first heap   total 131072K, used 17255K [0x0000000080000000, 0x0000000100000000)
  region size 1024K, 2 young (2048K), 2 survivors (2048K)
 Metaspace       used 20686K, capacity 21104K, committed 21248K, reserved 1067008K
  class space    used 2550K, capacity 2707K, committed 2816K, reserved 1048576K
}
Event: 6.427 GC heap before
{Heap before GC invocations=6 (full 0):
 garbage-first heap   total 131072K, used 65383K [0x0000000080000000, 0x0000000100000000)
  region size 1024K, 50 young (51200K), 2 survivors (2048K)
 Metaspace       used 25613K, capacity 26143K, committed 26368K, reserved 1073152K
  class space    used 3355K, capacity 3582K, committed 3584K, reserved 1048576K
}
Event: 6.436 GC heap after
{Heap after GC invocations=7 (full 0):
 garbage-first heap   total 157696K, used 19030K [0x0000000080000000, 0x0000000100000000)
  region size 1024K, 4 young (4096K), 4 survivors (4096K)
 Metaspace       used 25613K, capacity 26143K, committed 26368K, reserved 1073152K
  class space    used 3355K, capacity 3582K, committed 3584K, reserved 1048576K
}
Event: 8.985 GC heap before
{Heap before GC invocations=7 (full 0):
 garbage-first heap   total 157696K, used 78422K [0x0000000080000000, 0x0000000100000000)
  region size 1024K, 64 young (65536K), 4 survivors (4096K)
 Metaspace       used 35033K, capacity 35793K, committed 35840K, reserved 1081344K
  class space    used 4541K, capacity 4844K, committed 4864K, reserved 1048576K
}
Event: 9.002 GC heap after
{Heap after GC invocations=8 (full 0):
 garbage-first heap   total 157696K, used 22538K [0x0000000080000000, 0x0000000100000000)
  region size 1024K, 7 young (7168K), 7 survivors (7168K)
 Metaspace       used 35033K, capacity 35793K, committed 35840K, reserved 1081344K
  class space    used 4541K, capacity 4844K, committed 4864K, reserved 1048576K
}

