# JRE version: OpenJDK Runtime Environment (11.0.10) (build 11.0.10+0-b96-7249189)
# Java VM: OpenJDK 64-Bit Server VM (11.0.10+0-b96-7249189, mixed mode, tiered, compressed oops, g1 gc, windows-amd64)
Heap:
 garbage-first heap   total 474112K, used 241664K [0x0000000080000000, 0x0000000100000000)
  region size 1024K, 2 young (2048K), 2 survivors (2048K)
 Metaspace       used 106399K, capacity 108788K, committed 108876K, reserved 1144832K
  class space    used 13039K, capacity 13906K, committed 13952K, reserved 1048576K
GC Heap History (20 events):
Event: 125.611 GC heap after
{Heap after GC invocations=79 (full 0):
 garbage-first heap   total 248832K, used 183184K [0x0000000080000000, 0x0000000100000000)
  region size 1024K, 4 young (4096K), 4 survivors (4096K)
 Metaspace       used 105718K, capacity 108087K, committed 108364K, reserved 1144832K
  class space    used 12969K, capacity 13831K, committed 13952K, reserved 1048576K
}
Event: 125.800 GC heap before
{Heap before GC invocations=79 (full 0):
 garbage-first heap   total 248832K, used 233360K [0x0000000080000000, 0x0000000100000000)
  region size 1024K, 34 young (34816K), 4 survivors (4096K)
 Metaspace       used 105831K, capacity 108248K, committed 108364K, reserved 1144832K
  class space    used 12983K, capacity 13863K, committed 13952K, reserved 1048576K
}
Event: 125.806 GC heap after
{Heap after GC invocations=80 (full 0):
 garbage-first heap   total 248832K, used 203407K [0x0000000080000000, 0x0000000100000000)
  region size 1024K, 5 young (5120K), 5 survivors (5120K)
 Metaspace       used 105831K, capacity 108248K, committed 108364K, reserved 1144832K
  class space    used 12983K, capacity 13863K, committed 13952K, reserved 1048576K
}
Event: 126.082 GC heap before
{Heap before GC invocations=80 (full 0):
 garbage-first heap   total 248832K, used 213647K [0x0000000080000000, 0x0000000100000000)
  region size 1024K, 18 young (18432K), 5 survivors (5120K)
 Metaspace       used 105966K, capacity 108387K, committed 108620K, reserved 1144832K
  class space    used 12992K, capacity 13866K, committed 13952K, reserved 1048576K
}
Event: 126.095 GC heap after
{Heap after GC invocations=81 (full 0):
 garbage-first heap   total 248832K, used 205966K [0x0000000080000000, 0x0000000100000000)
  region size 1024K, 3 young (3072K), 3 survivors (3072K)
 Metaspace       used 105966K, capacity 108387K, committed 108620K, reserved 1144832K
  class space    used 12992K, capacity 13866K, committed 13952K, reserved 1048576K
}
Event: 126.230 GC heap before
{Heap before GC invocations=81 (full 0):
 garbage-first heap   total 248832K, used 216206K [0x0000000080000000, 0x0000000100000000)
  region size 1024K, 12 young (12288K), 3 survivors (3072K)
 Metaspace       used 105966K, capacity 108387K, committed 108620K, reserved 1144832K
  class space    used 12992K, capacity 13866K, committed 13952K, reserved 1048576K
}
Event: 126.262 GC heap after
{Heap after GC invocations=82 (full 0):
 garbage-first heap   total 248832K, used 212542K [0x0000000080000000, 0x0000000100000000)
  region size 1024K, 2 young (2048K), 2 survivors (2048K)
 Metaspace       used 105966K, capacity 108387K, committed 108620K, reserved 1144832K
  class space    used 12992K, capacity 13866K, committed 13952K, reserved 1048576K
}
Event: 126.343 GC heap before
{Heap before GC invocations=83 (full 0):
 garbage-first heap   total 248832K, used 224830K [0x0000000080000000, 0x0000000100000000)
  region size 1024K, 12 young (12288K), 2 survivors (2048K)
 Metaspace       used 105966K, capacity 108387K, committed 108620K, reserved 1144832K
  class space    used 12992K, capacity 13866K, committed 13952K, reserved 1048576K
}
Event: 126.374 GC heap after
{Heap after GC invocations=84 (full 0):
 garbage-first heap   total 248832K, used 220392K [0x0000000080000000, 0x0000000100000000)
  region size 1024K, 2 young (2048K), 2 survivors (2048K)
 Metaspace       used 105966K, capacity 108387K, committed 108620K, reserved 1144832K
  class space    used 12992K, capacity 13866K, committed 13952K, reserved 1048576K
}
Event: 126.435 GC heap before
{Heap before GC invocations=84 (full 0):
 garbage-first heap   total 248832K, used 229608K [0x0000000080000000, 0x0000000100000000)
  region size 1024K, 12 young (12288K), 2 survivors (2048K)
 Metaspace       used 105998K, capacity 108393K, committed 108620K, reserved 1144832K
  class space    used 12997K, capacity 13867K, committed 13952K, reserved 1048576K
}
Event: 126.460 GC heap after
{Heap after GC invocations=85 (full 0):
 garbage-first heap   total 248832K, used 223181K [0x0000000080000000, 0x0000000100000000)
  region size 1024K, 2 young (2048K), 2 survivors (2048K)
 Metaspace       used 105998K, capacity 108393K, committed 108620K, reserved 1144832K
  class space    used 12997K, capacity 13867K, committed 13952K, reserved 1048576K
}
Event: 126.473 GC heap before
{Heap before GC invocations=85 (full 0):
 garbage-first heap   total 248832K, used 225229K [0x0000000080000000, 0x0000000100000000)
  region size 1024K, 5 young (5120K), 2 survivors (2048K)
 Metaspace       used 106021K, capacity 108429K, committed 108620K, reserved 1144832K
  class space    used 13000K, capacity 13873K, committed 13952K, reserved 1048576K
}
Event: 126.485 GC heap after
{Heap after GC invocations=86 (full 0):
 garbage-first heap   total 248832K, used 224499K [0x0000000080000000, 0x0000000100000000)
  region size 1024K, 1 young (1024K), 1 survivors (1024K)
 Metaspace       used 106021K, capacity 108429K, committed 108620K, reserved 1144832K
  class space    used 13000K, capacity 13873K, committed 13952K, reserved 1048576K
}
Event: 126.632 GC heap before
{Heap before GC invocations=86 (full 0):
 garbage-first heap   total 248832K, used 236787K [0x0000000080000000, 0x0000000100000000)
  region size 1024K, 12 young (12288K), 1 survivors (1024K)
 Metaspace       used 106242K, capacity 108628K, committed 108876K, reserved 1144832K
  class space    used 13018K, capacity 13874K, committed 13952K, reserved 1048576K
}
Event: 126.647 GC heap after
{Heap after GC invocations=87 (full 0):
 garbage-first heap   total 248832K, used 229264K [0x0000000080000000, 0x0000000100000000)
  region size 1024K, 2 young (2048K), 2 survivors (2048K)
 Metaspace       used 106242K, capacity 108628K, committed 108876K, reserved 1144832K
  class space    used 13018K, capacity 13874K, committed 13952K, reserved 1048576K
}
Event: 126.775 GC heap before
{Heap before GC invocations=87 (full 0):
 garbage-first heap   total 248832K, used 238480K [0x0000000080000000, 0x0000000100000000)
  region size 1024K, 12 young (12288K), 2 survivors (2048K)
 Metaspace       used 106396K, capacity 108788K, committed 108876K, reserved 1144832K
  class space    used 13039K, capacity 13906K, committed 13952K, reserved 1048576K
}
Event: 126.795 GC heap after
{Heap after GC invocations=88 (full 0):
 garbage-first heap   total 248832K, used 233587K [0x0000000080000000, 0x0000000100000000)
  region size 1024K, 2 young (2048K), 2 survivors (2048K)
 Metaspace       used 106396K, capacity 108788K, committed 108876K, reserved 1144832K
  class space    used 13039K, capacity 13906K, committed 13952K, reserved 1048576K
}
Event: 126.898 GC heap before
{Heap before GC invocations=88 (full 0):
 garbage-first heap   total 248832K, used 243827K [0x0000000080000000, 0x0000000100000000)
  region size 1024K, 12 young (12288K), 2 survivors (2048K)
 Metaspace       used 106399K, capacity 108788K, committed 108876K, reserved 1144832K
  class space    used 13039K, capacity 13906K, committed 13952K, reserved 1048576K
}
Event: 126.916 GC heap after
{Heap after GC invocations=89 (full 0):
 garbage-first heap   total 250880K, used 237743K [0x0000000080000000, 0x0000000100000000)
  region size 1024K, 2 young (2048K), 2 survivors (2048K)
 Metaspace       used 106399K, capacity 108788K, committed 108876K, reserved 1144832K
  class space    used 13039K, capacity 13906K, committed 13952K, reserved 1048576K
}
Event: 126.997 GC heap before
{Heap before GC invocations=89 (full 0):
 garbage-first heap   total 250880K, used 247983K [0x0000000080000000, 0x0000000100000000)
  region size 1024K, 12 young (12288K), 2 survivors (2048K)
 Metaspace       used 106399K, capacity 108788K, committed 108876K, reserved 1144832K
  class space    used 13039K, capacity 13906K, committed 13952K, reserved 1048576K
}

